YqPayTest/GBLWSDK/build/outputs/mapping/release/seeds.txt
com.utopay.gblwsdk.R
com.utopay.gblwsdk.R$attr
com.utopay.gblwsdk.R$color
com.utopay.gblwsdk.R$color: int lt_transparent_background
com.utopay.gblwsdk.R$color: int transparent
com.utopay.gblwsdk.R$color: int white
com.utopay.gblwsdk.R$drawable
com.utopay.gblwsdk.R$drawable: int boder_mii
com.utopay.gblwsdk.R$drawable: int btn_mii_cancel
com.utopay.gblwsdk.R$drawable: int btn_mii_line
com.utopay.gblwsdk.R$drawable: int shape_mii
com.utopay.gblwsdk.R$id
com.utopay.gblwsdk.R$id: int btn_mii_negative
com.utopay.gblwsdk.R$id: int btn_mii_neutral
com.utopay.gblwsdk.R$id: int btn_mii_positive
com.utopay.gblwsdk.R$id: int content
com.utopay.gblwsdk.R$id: int edit_mii
com.utopay.gblwsdk.R$id: int linearLayout
com.utopay.gblwsdk.R$id: int mii_line
com.utopay.gblwsdk.R$id: int progressbar_mii
com.utopay.gblwsdk.R$id: int text_bottom
com.utopay.gblwsdk.R$id: int text_mii
com.utopay.gblwsdk.R$id: int tv_prompt
com.utopay.gblwsdk.R$layout
com.utopay.gblwsdk.R$layout: int dialog_mii
com.utopay.gblwsdk.R$style
com.utopay.gblwsdk.R$style: int lttransparent
com.utopay.gblwsdk.R$style: int mpay
com.utopay.gblwsdk.R$style: int mpay1
...
com.android.dimtale.mtools.g.b
com.android.dimtale.mtools.g.b: com.android.dimtale.mtools.g.a a
com.android.dimtale.mtools.g.b: void <clinit>()
com.android.dimtale.mtools.listener.MPayResultListener
com.android.dimtale.mtools.listener.MPayResultListener: void callback(java.lang.String,int,int,java.lang.String)
com.android.dimtale.mtools.three.a.a
com.android.dimtale.mtools.three.a.a: int a
com.android.dimtale.mtools.three.a.a: java.lang.String b
com.android.dimtale.mtools.three.a.a: int c
com.android.dimtale.mtools.three.a.a: int d
com.android.dimtale.mtools.three.a.a: java.lang.String e
com.android.dimtale.mtools.three.a.a: java.lang.String f
com.android.dimtale.mtools.three.a.a: java.lang.String g
com.android.dimtale.mtools.three.a.a: java.lang.String h
com.android.dimtale.mtools.three.a.a: java.lang.String i
com.android.dimtale.mtools.three.a.a: int j
com.android.dimtale.mtools.three.a.a: int k
com.android.dimtale.mtools.three.a.a: int l
com.android.dimtale.mtools.three.a.a: long m
com.android.dimtale.mtools.three.a.a: long n
com.android.dimtale.mtools.three.a.a: a()
com.android.dimtale.mtools.three.a.a: java.lang.String toString()
com.android.dimtale.mtools.three.a.a: void a(int)
com.android.dimtale.mtools.three.a.a: void a(java.lang.String)
com.android.dimtale.mtools.three.a.a: java.lang.String a()
com.android.dimtale.mtools.three.a.a: void b(int)
com.android.dimtale.mtools.three.a.a: int b()
com.android.dimtale.mtools.three.a.a: void c(int)
com.android.dimtale.mtools.three.a.a: int c()
com.android.dimtale.mtools.three.a.a: void b(java.lang.String)
com.android.dimtale.mtools.three.a.a: java.lang.String d()
com.android.dimtale.mtools.three.a.a: void c(java.lang.String)
com.android.dimtale.mtools.three.a.a: java.lang.String e()
com.android.dimtale.mtools.three.a.b
com.android.dimtale.mtools.three.a.b: int a
com.android.dimtale.mtools.three.a.b: int b
com.android.dimtale.mtools.three.a.b: java.lang.String c
com.android.dimtale.mtools.three.a.b: int d
com.android.dimtale.mtools.three.a.b: b()
com.android.dimtale.mtools.three.a.b: void a(int)
com.android.dimtale.mtools.three.a.b: int a()
com.android.dimtale.mtools.three.a.b: void b(int)
com.android.dimtale.mtools.three.a.b: int b()
com.android.dimtale.mtools.three.a.b: void a(java.lang.String)
com.android.dimtale.mtools.three.a.b: java.lang.String c()
com.android.dimtale.mtools.three.a.b: void c(int)
com.android.dimtale.mtools.three.a.b: int d()
com.android.dimtale.mtools.three.a.c
com.android.dimtale.mtools.three.a.c: java.lang.String a
com.android.dimtale.mtools.three.a.c: java.lang.String b
com.android.dimtale.mtools.three.a.c: c()
com.android.dimtale.mtools.three.a.c: java.lang.String toString()