YqPayTest/GBLWSDK/build/outputs/mapping/release/mapping.txt
com.utopay.gblwsdk.BuildConfig -> com.utopay.gblwsdk.a:
    boolean DEBUG -> a
    java.lang.String APPLICATION_ID -> b
    java.lang.String BUILD_TYPE -> c
    java.lang.String FLAVOR -> d
    int VERSION_CODE -> e
    java.lang.String VERSION_NAME -> f
    6:6:void <init>() -> <init>
com.utopay.gblwsdk.R -> com.utopay.gblwsdk.R:
    10:40:void <init>() -> <init>
com.utopay.gblwsdk.R$attr -> com.utopay.gblwsdk.R$attr:
    11:11:void <init>() -> <init>
com.utopay.gblwsdk.R$color -> com.utopay.gblwsdk.R$color:
    int lt_transparent_background -> lt_transparent_background
    int transparent -> transparent
    int white -> white
    13:13:void <init>() -> <init>
    14:16:void <clinit>() -> <clinit>
com.utopay.gblwsdk.R$drawable -> com.utopay.gblwsdk.R$drawable:
    int boder_mii -> boder_mii
    int btn_mii_cancel -> btn_mii_cancel
    int btn_mii_line -> btn_mii_line
    int shape_mii -> shape_mii
    18:18:void <init>() -> <init>
    19:22:void <clinit>() -> <clinit>
com.utopay.gblwsdk.R$id -> com.utopay.gblwsdk.R$id:
    int btn_mii_negative -> btn_mii_negative
    int btn_mii_neutral -> btn_mii_neutral
    int btn_mii_positive -> btn_mii_positive
    int content -> content
    int edit_mii -> edit_mii
    int linearLayout -> linearLayout
    int mii_line -> mii_line
    int progressbar_mii -> progressbar_mii
    int text_bottom -> text_bottom
    int text_mii -> text_mii
    int tv_prompt -> tv_prompt
    24:24:void <init>() -> <init>
    25:35:void <clinit>() -> <clinit>
com.utopay.gblwsdk.R$layout -> com.utopay.gblwsdk.R$layout:
    int dialog_mii -> dialog_mii
    37:37:void <init>() -> <init>
    38:38:void <clinit>() -> <clinit>
com.utopay.gblwsdk.R$style -> com.utopay.gblwsdk.R$style:
    int lttransparent -> lttransparent
    int mpay -> mpay
    int mpay1 -> mpay1
    40:40:void <init>() -> <init>
    41:47:void <clinit>() -> <clinit>
...
cn.utopay.gblwsdk.httpserver.ReportInstallThread -> cn.utopay.gblwsdk.httpserver.b:
    android.content.Context context -> i
    18:20:void <init>(java.lang.String,android.content.Context,java.util.Map) -> <init>
    24:37:void run() -> run
cn.utopay.gblwsdk.httpserver.ReportPaidThread -> cn.utopay.gblwsdk.httpserver.c:
    20:21:void <init>(java.util.Map) -> <init>
    25:29:void run() -> run
    32:44:void reportSuccess(android.app.Activity,java.lang.String,java.lang.String,cn.utopay.gblwsdk.pay.UniCallback) -> a
cn.utopay.gblwsdk.httpserver.SdkStartInitThread -> cn.utopay.gblwsdk.httpserver.d:
    android.content.Context context -> i
    32:34:void <init>(java.lang.String,android.content.Context,java.util.Map) -> <init>
    39:65:void run() -> run
    73:88:void initSDK(android.app.Activity,java.util.List) -> a
    92:118:void initAll(android.app.Activity,java.lang.String,cn.utopay.gblwsdk.model.PayConfig) -> a
cn.utopay.gblwsdk.log.LogManager -> b.a:
    java.lang.String SEPARATOR -> a
    java.io.File fileName -> b
    23:30:void <init>(java.io.File) -> <init>
    38:47:boolean createFile() -> a
    56:81:java.lang.String readTxtFile() -> b
    91:108:boolean writeTxtFile(java.lang.String) -> a
    117:148:java.lang.String getNowTime() -> c
    156:168:java.lang.String getLogName() -> d
    180:208:void writeInlog(android.content.Context,java.lang.String) -> a
    211:211:java.lang.String getLogPath(java.lang.String) -> b
    220:252:void writeInlog(android.app.Activity,java.lang.Throwable,java.lang.String) -> a
cn.utopay.gblwsdk.log.LogUtil -> b.b:
    java.lang.String TAG -> b
    boolean isDebug -> a
    int VERBOSE -> c
    int DEBUG -> d
    int INFO -> e
    int WARN -> f
    int ERROR -> g
    int NOTHING -> h
    int LEVEL -> i
    java.lang.String SEPARATOR -> j
    5:5:void <init>() -> <init>
    22:24:void d(java.lang.String) -> a
    29:31:void v(java.lang.String) -> b
    36:38:void e(java.lang.String) -> c
    43:45:void w(java.lang.String) -> d
    51:74:java.lang.String getLogInfo() -> a
cn.utopay.gblwsdk.manager.InvokeFactory -> cn.utopay.gblwsdk.manager.InvokeFactory:
    10:12:void <init>() -> <init>
    17:17:cn.utopay.gblwsdk.manager.InvokeFactory getInstance() -> getInstance
    22:30:java.lang.Object instanceExecute(java.lang.Object[],java.lang.Class[],java.lang.Class) -> instanceExecute
    35:43:java.lang.Object staticExecute(java.lang.Object[],java.lang.Class[],java.lang.Class) -> staticExecute
    47:48:java.lang.Object instanceInvoke(java.lang.Class,java.lang.String,java.lang.Object[],java.lang.Class[]) -> instanceInvoke
    52:53:java.lang.Object staticInvoke(java.lang.Class,java.lang.String,java.lang.Object[],java.lang.Class[]) -> staticInvoke
    57:59:java.lang.reflect.Method invokeFunction(java.lang.Class,java.lang.String,java.lang.Class[]) -> invokeFunction
cn.utopay.gblwsdk.manager.InvokeFactory$SingletonHolder -> cn.utopay.gblwsdk.manager.InvokeFactory$a:
    cn.utopay.gblwsdk.manager.InvokeFactory invokeFactory -> a
    12:12:void <init>() -> <init>
    12:12:cn.utopay.gblwsdk.manager.InvokeFactory access$000() -> a
    13:13:void <clinit>() -> <clinit>
cn.utopay.gblwsdk.manager.method.DoHttpPost -> c.a:
    java.lang.String CLASS_PATH -> a
    java.lang.String METHOD_NAME -> b
    6:6:void <init>() -> <init>
    13:13:java.lang.String classPath() -> a
    18:18:java.lang.String functionName() -> b
cn.utopay.gblwsdk.manager.method.Function -> c.b:
    6:6:void <init>() -> <init>
    java.lang.String classPath() -> a
    java.lang.String functionName() -> b
cn.utopay.gblwsdk.manager.method.InitInfo -> c.c:
    java.lang.String CLASS_PATH -> a
    java.lang.String METHOD_NAME -> b
    6:6:void <init>() -> <init>
    14:14:java.lang.String classPath() -> a
    19:19:java.lang.String functionName() -> b